# JRE version: OpenJDK Runtime Environment (11.0.11+9) (build 11.0.11+9-b60-7590822)
# Java VM: OpenJDK 64-Bit Server VM (11.0.11+9-b60-7590822, mixed mode, tiered, compressed oops, g1 gc, windows-amd64)
Heap:
 garbage-first heap   total 236544K, used 205530K [0x0000000080000000, 0x0000000100000000)
  region size 1024K, 48 young (49152K), 6 survivors (6144K)
 Metaspace       used 126898K, capacity 130572K, committed 130816K, reserved 1163264K
  class space    used 15741K, capacity 17075K, committed 17152K, reserved 1048576K
GC Heap History (20 events):
Event: 723.356 GC heap after
{Heap after GC invocations=57 (full 0):
 garbage-first heap   total 236544K, used 142538K [0x0000000080000000, 0x0000000100000000)
  region size 1024K, 5 young (5120K), 5 survivors (5120K)
 Metaspace       used 124141K, capacity 127706K, committed 127872K, reserved 1161216K
  class space    used 15357K, capacity 16648K, committed 16768K, reserved 1048576K
}
Event: 724.528 GC heap before
{Heap before GC invocations=58 (full 0):
 garbage-first heap   total 236544K, used 188618K [0x0000000080000000, 0x0000000100000000)
  region size 1024K, 48 young (49152K), 5 survivors (5120K)
 Metaspace       used 124599K, capacity 128192K, committed 128384K, reserved 1161216K
  class space    used 15406K, capacity 16727K, committed 16768K, reserved 1048576K
}
Event: 724.544 GC heap after
{Heap after GC invocations=59 (full 0):
 garbage-first heap   total 236544K, used 146874K [0x0000000080000000, 0x0000000100000000)
  region size 1024K, 4 young (4096K), 4 survivors (4096K)
 Metaspace       used 124599K, capacity 128192K, committed 128384K, reserved 1161216K
  class space    used 15406K, capacity 16727K, committed 16768K, reserved 1048576K
}
Event: 725.134 GC heap before
{Heap before GC invocations=59 (full 0):
 garbage-first heap   total 236544K, used 190906K [0x0000000080000000, 0x0000000100000000)
  region size 1024K, 47 young (48128K), 4 survivors (4096K)
 Metaspace       used 124602K, capacity 128192K, committed 128384K, reserved 1161216K
  class space    used 15406K, capacity 16727K, committed 16768K, reserved 1048576K
}
Event: 725.143 GC heap after
{Heap after GC invocations=60 (full 0):
 garbage-first heap   total 236544K, used 147781K [0x0000000080000000, 0x0000000100000000)
  region size 1024K, 5 young (5120K), 5 survivors (5120K)
 Metaspace       used 124602K, capacity 128192K, committed 128384K, reserved 1161216K
  class space    used 15406K, capacity 16727K, committed 16768K, reserved 1048576K
}
Event: 726.522 GC heap before
{Heap before GC invocations=61 (full 0):
 garbage-first heap   total 236544K, used 192837K [0x0000000080000000, 0x0000000100000000)
  region size 1024K, 50 young (51200K), 5 survivors (5120K)
 Metaspace       used 124697K, capacity 128265K, committed 128384K, reserved 1161216K
  class space    used 15417K, capacity 16730K, committed 16768K, reserved 1048576K
}
Event: 726.534 GC heap after
{Heap after GC invocations=62 (full 0):
 garbage-first heap   total 236544K, used 149092K [0x0000000080000000, 0x0000000100000000)
  region size 1024K, 5 young (5120K), 5 survivors (5120K)
 Metaspace       used 124697K, capacity 128265K, committed 128384K, reserved 1161216K
  class space    used 15417K, capacity 16730K, committed 16768K, reserved 1048576K
}
Event: 727.105 GC heap before
{Heap before GC invocations=62 (full 0):
 garbage-first heap   total 236544K, used 196196K [0x0000000080000000, 0x0000000100000000)
  region size 1024K, 51 young (52224K), 5 survivors (5120K)
 Metaspace       used 125047K, capacity 128720K, committed 129024K, reserved 1161216K
  class space    used 15469K, capacity 16817K, committed 16896K, reserved 1048576K
}
Event: 727.118 GC heap after
{Heap after GC invocations=63 (full 0):
 garbage-first heap   total 236544K, used 149860K [0x0000000080000000, 0x0000000100000000)
  region size 1024K, 4 young (4096K), 4 survivors (4096K)
 Metaspace       used 125047K, capacity 128720K, committed 129024K, reserved 1161216K
  class space    used 15469K, capacity 16817K, committed 16896K, reserved 1048576K
}
Event: 728.091 GC heap before
{Heap before GC invocations=64 (full 0):
 garbage-first heap   total 236544K, used 196964K [0x0000000080000000, 0x0000000100000000)
  region size 1024K, 51 young (52224K), 4 survivors (4096K)
 Metaspace       used 125068K, capacity 128723K, committed 129024K, reserved 1161216K
  class space    used 15473K, capacity 16818K, committed 16896K, reserved 1048576K
}
Event: 728.103 GC heap after
{Heap after GC invocations=65 (full 0):
 garbage-first heap   total 236544K, used 148227K [0x0000000080000000, 0x0000000100000000)
  region size 1024K, 4 young (4096K), 4 survivors (4096K)
 Metaspace       used 125068K, capacity 128723K, committed 129024K, reserved 1161216K
  class space    used 15473K, capacity 16818K, committed 16896K, reserved 1048576K
}
Event: 729.053 GC heap before
{Heap before GC invocations=66 (full 0):
 garbage-first heap   total 236544K, used 202499K [0x0000000080000000, 0x0000000100000000)
  region size 1024K, 54 young (55296K), 4 survivors (4096K)
 Metaspace       used 125195K, capacity 128803K, committed 129024K, reserved 1161216K
  class space    used 15493K, capacity 16838K, committed 16896K, reserved 1048576K
}
Event: 729.061 GC heap after
{Heap after GC invocations=67 (full 0):
 garbage-first heap   total 236544K, used 148948K [0x0000000080000000, 0x0000000100000000)
  region size 1024K, 3 young (3072K), 3 survivors (3072K)
 Metaspace       used 125195K, capacity 128803K, committed 129024K, reserved 1161216K
  class space    used 15493K, capacity 16838K, committed 16896K, reserved 1048576K
}
Event: 729.487 GC heap before
{Heap before GC invocations=67 (full 0):
 garbage-first heap   total 236544K, used 201172K [0x0000000080000000, 0x0000000100000000)
  region size 1024K, 54 young (55296K), 3 survivors (3072K)
 Metaspace       used 125195K, capacity 128803K, committed 129024K, reserved 1161216K
  class space    used 15493K, capacity 16838K, committed 16896K, reserved 1048576K
}
Event: 729.497 GC heap after
{Heap after GC invocations=68 (full 0):
 garbage-first heap   total 236544K, used 149400K [0x0000000080000000, 0x0000000100000000)
  region size 1024K, 3 young (3072K), 3 survivors (3072K)
 Metaspace       used 125195K, capacity 128803K, committed 129024K, reserved 1161216K
  class space    used 15493K, capacity 16838K, committed 16896K, reserved 1048576K
}
Event: 730.587 GC heap before
{Heap before GC invocations=69 (full 0):
 garbage-first heap   total 236544K, used 202648K [0x0000000080000000, 0x0000000100000000)
  region size 1024K, 55 young (56320K), 3 survivors (3072K)
 Metaspace       used 125304K, capacity 128892K, committed 129024K, reserved 1161216K
  class space    used 15513K, capacity 16845K, committed 16896K, reserved 1048576K
}
Event: 730.595 GC heap after
{Heap after GC invocations=70 (full 0):
 garbage-first heap   total 236544K, used 146266K [0x0000000080000000, 0x0000000100000000)
  region size 1024K, 2 young (2048K), 2 survivors (2048K)
 Metaspace       used 125304K, capacity 128892K, committed 129024K, reserved 1161216K
  class space    used 15513K, capacity 16845K, committed 16896K, reserved 1048576K
}
Event: 731.397 GC heap before
{Heap before GC invocations=70 (full 0):
 garbage-first heap   total 236544K, used 165722K [0x0000000080000000, 0x0000000100000000)
  region size 1024K, 22 young (22528K), 2 survivors (2048K)
 Metaspace       used 125555K, capacity 129191K, committed 129280K, reserved 1161216K
  class space    used 15539K, capacity 16854K, committed 16896K, reserved 1048576K
}
Event: 731.407 GC heap after
{Heap after GC invocations=71 (full 0):
 garbage-first heap   total 236544K, used 147162K [0x0000000080000000, 0x0000000100000000)
  region size 1024K, 3 young (3072K), 3 survivors (3072K)
 Metaspace       used 125555K, capacity 129191K, committed 129280K, reserved 1161216K
  class space    used 15539K, capacity 16854K, committed 16896K, reserved 1048576K
}
Event: 732.733 GC heap before
{Heap before GC invocations=72 (full 0):
 garbage-first heap   total 236544K, used 204506K [0x0000000080000000, 0x0000000100000000)
  region size 1024K, 45 young (46080K), 3 survivors (3072K)
 Metaspace       used 126898K, capacity 130572K, committed 130816K, reserved 1163264K
  class space    used 15741K, capacity 17075K, committed 17152K, reserved 1048576K
}

